2026-02-23 16:55:14,636 - INFO - Fetching: https://www.scrapingcourse.com/ecommerce/page/1/
2026-02-23 16:55:16,266 - INFO - Success: https://www.scrapingcourse.com/ecommerce/page/1/
2026-02-23 16:55:16,278 - INFO - Fetching: https://www.scrapingcourse.com/ecommerce/product/abominable-hoodie/
2026-02-23 16:55:16,600 - INFO - Success: https://www.scrapingcourse.com/ecommerce/product/abominable-hoodie/
2026-02-23 16:55:16,614 - INFO - Fetching: https://www.scrapingcourse.com/ecommerce/product/adrienne-trek-jacket/
2026-02-23 16:55:16,979 - INFO - Success: https://www.scrapingcourse.com/ecommerce/product/adrienne-trek-jacket/
2026-02-23 16:55:16,992 - INFO - Fetching: https://www.scrapingcourse.com/ecommerce/product/aeon-capri/
2026-02-23 16:55:17,292 - INFO - Success: https://www.scrapingcourse.com/ecommerce/product/aeon-capri/
2026-02-23 16:55:17,303 - INFO - Fetching: https://www.scrapingcourse.com/ecommerce/product/aero-daily-fitness-tee/
2026-02-23 16:55:17,628 - INFO - Success: https://www.scrapingcourse.com/ecommerce/product/aero-daily-fitness-tee/
2026-02-23 16:55:17,638 - INFO - Fetching: https://www.scrapingcourse.com/ecommerce/product/aether-gym-pant/
2026-02-23 16:55:17,956 - INFO - Success: https://www.scrapingcourse.com/ecommerce/product/aether-gym-pant/
2026-02-23 16:55:17,966 - INFO - Fetching: https://www.scrapingcourse.com/ecommerce/product/affirm-water-bottle/
2026-02-23 16:55:18,258 - INFO - Success: https://www.scrapingcourse.com/ecommerce/product/affirm-water-bottle/
2026-02-23 16:55:18,268 - INFO - Fetching: https://www.scrapingcourse.com/ecommerce/product/aim-analog-watch/
2026-02-23 16:55:18,543 - INFO - Success: https://www.scrapingcourse.com/ecommerce/product/aim-analog-watch/
2026-02-23 16:55:18,554 - INFO - Fetching: https://www.scrapingcourse.com/ecommerce/product/ajax-full-zip-sweatshirt/
2026-02-23 16:55:18,885 - INFO - Success: https://www.scrapingcourse.com/ecommerce/product/ajax-full-zip-sweatshirt/
2026-02-23 16:55:18,900 - INFO - Fetching: https://www.scrapingcourse.com/ecommerce/product/ana-running-short/
2026-02-23 16:55:19,194 - INFO - Success: https://www.scrapingcourse.com/ecommerce/product/ana-running-short/
2026-02-23 16:55:19,203 - INFO - Fetching: https://www.scrapingcourse.com/ecommerce/product/angel-light-running-short/
2026-02-23 16:55:19,503 - INFO - Success: https://www.scrapingcourse.com/ecommerce/product/angel-light-running-short/
2026-02-23 16:55:19,513 - INFO - Fetching: https://www.scrapingcourse.com/ecommerce/product/antonia-racer-tank/
2026-02-23 16:55:20,005 - INFO - Success: https://www.scrapingcourse.com/ecommerce/product/antonia-racer-tank/
2026-02-23 16:55:20,030 - INFO - Fetching: https://www.scrapingcourse.com/ecommerce/product/apollo-running-short/
2026-02-23 16:55:20,328 - INFO - Success: https://www.scrapingcourse.com/ecommerce/product/apollo-running-short/
2026-02-23 16:55:20,338 - INFO - Fetching: https://www.scrapingcourse.com/ecommerce/product/arcadio-gym-short/
2026-02-23 16:55:20,660 - INFO - Success: https://www.scrapingcourse.com/ecommerce/product/arcadio-gym-short/
2026-02-23 16:55:20,688 - INFO - Fetching: https://www.scrapingcourse.com/ecommerce/product/argus-all-weather-tank/
2026-02-23 16:55:21,096 - INFO - Success: https://www.scrapingcourse.com/ecommerce/product/argus-all-weather-tank/
2026-02-23 16:55:21,122 - INFO - Fetching: https://www.scrapingcourse.com/ecommerce/product/ariel-roll-sleeve-sweatshirt/
2026-02-23 16:55:21,440 - INFO - Success: https://www.scrapingcourse.com/ecommerce/product/ariel-roll-sleeve-sweatshirt/
2026-02-23 16:55:21,453 - INFO - Fetching: https://www.scrapingcourse.com/ecommerce/product/artemis-running-short/
2026-02-23 16:55:21,789 - INFO - Success: https://www.scrapingcourse.com/ecommerce/product/artemis-running-short/
2026-02-23 16:55:21,800 - INFO - Fetching: https://www.scrapingcourse.com/ecommerce/page/2/
2026-02-23 16:55:22,097 - INFO - Success: https://www.scrapingcourse.com/ecommerce/page/2/
2026-02-23 16:55:22,126 - INFO - Fetching: https://www.scrapingcourse.com/ecommerce/product/atlas-fitness-tank/
2026-02-23 16:55:22,418 - INFO - Success: https://www.scrapingcourse.com/ecommerce/product/atlas-fitness-tank/
2026-02-23 16:55:22,429 - INFO - Fetching: https://www.scrapingcourse.com/ecommerce/product/atomic-endurance-running-tee-crew-neck/
2026-02-23 16:55:22,762 - INFO - Success: https://www.scrapingcourse.com/ecommerce/product/atomic-endurance-running-tee-crew-neck/
2026-02-23 16:55:22,799 - INFO - Fetching: https://www.scrapingcourse.com/ecommerce/product/atomic-endurance-running-tee-v-neck/
2026-02-23 16:55:23,171 - INFO - Success: https://www.scrapingcourse.com/ecommerce/product/atomic-endurance-running-tee-v-neck/
2026-02-23 16:55:23,183 - INFO - Fetching: https://www.scrapingcourse.com/ecommerce/product/augusta-pullover-jacket/
2026-02-23 16:55:23,502 - INFO - Success: https://www.scrapingcourse.com/ecommerce/product/augusta-pullover-jacket/
2026-02-23 16:55:23,520 - INFO - Fetching: https://www.scrapingcourse.com/ecommerce/product/autumn-pullie/
2026-02-23 16:55:23,843 - INFO - Success: https://www.scrapingcourse.com/ecommerce/product/autumn-pullie/
2026-02-23 16:55:23,854 - INFO - Fetching: https://www.scrapingcourse.com/ecommerce/product/balboa-persistence-tee/
2026-02-23 16:55:24,188 - INFO - Success: https://www.scrapingcourse.com/ecommerce/product/balboa-persistence-tee/
2026-02-23 16:55:24,216 - INFO - Fetching: https://www.scrapingcourse.com/ecommerce/product/bardot-capri/
2026-02-23 16:55:24,517 - INFO - Success: https://www.scrapingcourse.com/ecommerce/product/bardot-capri/
2026-02-23 16:55:24,534 - INFO - Fetching: https://www.scrapingcourse.com/ecommerce/product/beaumont-summit-kit/
2026-02-23 16:55:24,998 - INFO - Success: https://www.scrapingcourse.com/ecommerce/product/beaumont-summit-kit/
2026-02-23 16:55:25,016 - INFO - Fetching: https://www.scrapingcourse.com/ecommerce/product/bella-tank/
2026-02-23 16:55:25,336 - INFO - Success: https://www.scrapingcourse.com/ecommerce/product/bella-tank/
2026-02-23 16:55:25,364 - INFO - Fetching: https://www.scrapingcourse.com/ecommerce/product/bess-yoga-short/
2026-02-23 16:55:25,681 - INFO - Success: https://www.scrapingcourse.com/ecommerce/product/bess-yoga-short/
2026-02-23 16:55:25,703 - INFO - Fetching: https://www.scrapingcourse.com/ecommerce/product/bolo-sport-watch/
2026-02-23 16:55:26,187 - INFO - Success: https://www.scrapingcourse.com/ecommerce/product/bolo-sport-watch/
2026-02-23 16:55:26,203 - INFO - Fetching: https://www.scrapingcourse.com/ecommerce/product/breathe-easy-tank/
2026-02-23 16:55:26,515 - INFO - Success: https://www.scrapingcourse.com/ecommerce/product/breathe-easy-tank/
2026-02-23 16:55:26,533 - INFO - Fetching: https://www.scrapingcourse.com/ecommerce/product/bruno-compete-hoodie/
2026-02-23 16:55:26,855 - INFO - Success: https://www.scrapingcourse.com/ecommerce/product/bruno-compete-hoodie/
2026-02-23 16:55:26,867 - INFO - Fetching: https://www.scrapingcourse.com/ecommerce/product/caesar-warm-up-pant/
2026-02-23 16:55:27,186 - INFO - Success: https://www.scrapingcourse.com/ecommerce/product/caesar-warm-up-pant/
2026-02-23 16:55:27,200 - INFO - Fetching: https://www.scrapingcourse.com/ecommerce/product/carina-basic-capri/
2026-02-23 16:55:27,506 - INFO - Success: https://www.scrapingcourse.com/ecommerce/product/carina-basic-capri/
2026-02-23 16:55:27,534 - INFO - Fetching: https://www.scrapingcourse.com/ecommerce/product/cassia-funnel-sweatshirt/
2026-02-23 16:55:27,871 - INFO - Success: https://www.scrapingcourse.com/ecommerce/product/cassia-funnel-sweatshirt/
2026-02-23 16:55:27,887 - INFO - Fetching: https://www.scrapingcourse.com/ecommerce/page/3/
2026-02-23 16:55:28,174 - INFO - Success: https://www.scrapingcourse.com/ecommerce/page/3/
2026-02-23 16:55:28,187 - INFO - Fetching: https://www.scrapingcourse.com/ecommerce/product/cassius-sparring-tank/
2026-02-23 16:55:28,490 - INFO - Success: https://www.scrapingcourse.com/ecommerce/product/cassius-sparring-tank/
2026-02-23 16:55:28,500 - INFO - Fetching: https://www.scrapingcourse.com/ecommerce/product/celeste-sports-bra/
2026-02-23 16:55:28,829 - INFO - Success: https://www.scrapingcourse.com/ecommerce/product/celeste-sports-bra/
2026-02-23 16:55:28,842 - INFO - Fetching: https://www.scrapingcourse.com/ecommerce/product/chaz-kangeroo-hoodie/
2026-02-23 16:55:29,260 - INFO - Success: https://www.scrapingcourse.com/ecommerce/product/chaz-kangeroo-hoodie/
2026-02-23 16:55:29,271 - INFO - Fetching: https://www.scrapingcourse.com/ecommerce/product/chloe-compete-tank/
2026-02-23 16:55:29,604 - INFO - Success: https://www.scrapingcourse.com/ecommerce/product/chloe-compete-tank/
2026-02-23 16:55:29,622 - INFO - Fetching: https://www.scrapingcourse.com/ecommerce/product/circe-hooded-ice-fleece/
2026-02-23 16:55:30,118 - INFO - Success: https://www.scrapingcourse.com/ecommerce/product/circe-hooded-ice-fleece/
2026-02-23 16:55:30,148 - INFO - Fetching: https://www.scrapingcourse.com/ecommerce/product/clamber-watch/
2026-02-23 16:55:30,438 - INFO - Success: https://www.scrapingcourse.com/ecommerce/product/clamber-watch/
2026-02-23 16:55:30,449 - INFO - Fetching: https://www.scrapingcourse.com/ecommerce/product/cobalt-cooltech-fitness-short/
2026-02-23 16:55:30,753 - INFO - Success: https://www.scrapingcourse.com/ecommerce/product/cobalt-cooltech-fitness-short/
2026-02-23 16:55:30,769 - INFO - Fetching: https://www.scrapingcourse.com/ecommerce/product/compete-track-tote/
2026-02-23 16:55:31,204 - INFO - Success: https://www.scrapingcourse.com/ecommerce/product/compete-track-tote/
2026-02-23 16:55:31,213 - INFO - Fetching: https://www.scrapingcourse.com/ecommerce/product/cora-parachute-pant/
2026-02-23 16:55:31,529 - INFO - Success: https://www.scrapingcourse.com/ecommerce/product/cora-parachute-pant/
2026-02-23 16:55:31,551 - INFO - Fetching: https://www.scrapingcourse.com/ecommerce/product/cronus-yoga-pant/
2026-02-23 16:55:31,867 - INFO - Success: https://www.scrapingcourse.com/ecommerce/product/cronus-yoga-pant/
2026-02-23 16:55:31,880 - INFO - Fetching: https://www.scrapingcourse.com/ecommerce/product/crown-summit-backpack/
2026-02-23 16:55:32,201 - INFO - Success: https://www.scrapingcourse.com/ecommerce/product/crown-summit-backpack/
2026-02-23 16:55:32,212 - INFO - Fetching: https://www.scrapingcourse.com/ecommerce/product/cruise-dual-analog-watch/
2026-02-23 16:55:32,494 - INFO - Success: https://www.scrapingcourse.com/ecommerce/product/cruise-dual-analog-watch/
2026-02-23 16:55:32,517 - INFO - Fetching: https://www.scrapingcourse.com/ecommerce/product/daphne-full-zip-hoodie/
2026-02-23 16:55:32,826 - INFO - Success: https://www.scrapingcourse.com/ecommerce/product/daphne-full-zip-hoodie/
2026-02-23 16:55:32,836 - INFO - Fetching: https://www.scrapingcourse.com/ecommerce/product/daria-bikram-pant/
2026-02-23 16:55:33,131 - INFO - Success: https://www.scrapingcourse.com/ecommerce/product/daria-bikram-pant/
2026-02-23 16:55:33,142 - INFO - Fetching: https://www.scrapingcourse.com/ecommerce/product/dash-digital-watch/
2026-02-23 16:55:33,432 - INFO - Success: https://www.scrapingcourse.com/ecommerce/product/dash-digital-watch/
2026-02-23 16:55:33,441 - INFO - Fetching: https://www.scrapingcourse.com/ecommerce/product/deion-long-sleeve-evercool-tee/
2026-02-23 16:55:33,787 - INFO - Success: https://www.scrapingcourse.com/ecommerce/product/deion-long-sleeve-evercool-tee/
2026-02-23 16:55:33,799 - INFO - Fetching: https://www.scrapingcourse.com/ecommerce/page/4/
2026-02-23 16:55:34,089 - INFO - Success: https://www.scrapingcourse.com/ecommerce/page/4/
2026-02-23 16:55:34,103 - INFO - Fetching: https://www.scrapingcourse.com/ecommerce/product/deirdre-relaxed-fit-capri/
2026-02-23 16:55:34,407 - INFO - Success: https://www.scrapingcourse.com/ecommerce/product/deirdre-relaxed-fit-capri/
2026-02-23 16:55:34,436 - INFO - Fetching: https://www.scrapingcourse.com/ecommerce/product/desiree-fitness-tee/
2026-02-23 16:55:35,014 - INFO - Success: https://www.scrapingcourse.com/ecommerce/product/desiree-fitness-tee/
2026-02-23 16:55:35,025 - INFO - Fetching: https://www.scrapingcourse.com/ecommerce/product/diana-tights/
2026-02-23 16:55:35,327 - INFO - Success: https://www.scrapingcourse.com/ecommerce/product/diana-tights/
2026-02-23 16:55:35,354 - INFO - Fetching: https://www.scrapingcourse.com/ecommerce/product/didi-sport-watch/
2026-02-23 16:55:35,633 - INFO - Success: https://www.scrapingcourse.com/ecommerce/product/didi-sport-watch/
2026-02-23 16:55:35,646 - INFO - Fetching: https://www.scrapingcourse.com/ecommerce/product/diva-gym-tee/
2026-02-23 16:55:36,105 - INFO - Success: https://www.scrapingcourse.com/ecommerce/product/diva-gym-tee/
2026-02-23 16:55:36,117 - INFO - Fetching: https://www.scrapingcourse.com/ecommerce/product/driven-backpack/
2026-02-23 16:55:36,426 - INFO - Success: https://www.scrapingcourse.com/ecommerce/product/driven-backpack/
2026-02-23 16:55:36,434 - INFO - Fetching: https://www.scrapingcourse.com/ecommerce/product/dual-handle-cardio-ball/
2026-02-23 16:55:36,746 - INFO - Success: https://www.scrapingcourse.com/ecommerce/product/dual-handle-cardio-ball/
2026-02-23 16:55:36,769 - INFO - Fetching: https://www.scrapingcourse.com/ecommerce/product/echo-fit-compression-short/
2026-02-23 16:55:37,069 - INFO - Success: https://www.scrapingcourse.com/ecommerce/product/echo-fit-compression-short/
2026-02-23 16:55:37,079 - INFO - Fetching: https://www.scrapingcourse.com/ecommerce/product/electra-bra-top/
2026-02-23 16:55:37,402 - INFO - Success: https://www.scrapingcourse.com/ecommerce/product/electra-bra-top/
2026-02-23 16:55:37,413 - INFO - Fetching: https://www.scrapingcourse.com/ecommerce/product/elisa-evercool-tee/
2026-02-23 16:55:37,738 - INFO - Success: https://www.scrapingcourse.com/ecommerce/product/elisa-evercool-tee/
2026-02-23 16:55:37,769 - INFO - Fetching: https://www.scrapingcourse.com/ecommerce/product/endeavor-daytrip-backpack/
2026-02-23 16:55:38,087 - INFO - Success: https://www.scrapingcourse.com/ecommerce/product/endeavor-daytrip-backpack/
2026-02-23 16:55:38,102 - INFO - Fetching: https://www.scrapingcourse.com/ecommerce/product/endurance-watch/
2026-02-23 16:55:38,382 - INFO - Success: https://www.scrapingcourse.com/ecommerce/product/endurance-watch/
2026-02-23 16:55:38,394 - INFO - Fetching: https://www.scrapingcourse.com/ecommerce/product/eos-v-neck-hoodie/
2026-02-23 16:55:38,702 - INFO - Success: https://www.scrapingcourse.com/ecommerce/product/eos-v-neck-hoodie/
2026-02-23 16:55:38,728 - INFO - Fetching: https://www.scrapingcourse.com/ecommerce/product/erica-evercool-sports-bra/
2026-02-23 16:55:39,064 - INFO - Success: https://www.scrapingcourse.com/ecommerce/product/erica-evercool-sports-bra/
2026-02-23 16:55:39,106 - INFO - Fetching: https://www.scrapingcourse.com/ecommerce/product/erika-running-short/
2026-02-23 16:55:39,411 - INFO - Success: https://www.scrapingcourse.com/ecommerce/product/erika-running-short/
2026-02-23 16:55:39,419 - INFO - Fetching: https://www.scrapingcourse.com/ecommerce/product/erikssen-cooltech-fitness-tank/
2026-02-23 16:55:40,017 - INFO - Success: https://www.scrapingcourse.com/ecommerce/product/erikssen-cooltech-fitness-tank/
2026-02-23 16:55:40,028 - INFO - Fetching: https://www.scrapingcourse.com/ecommerce/page/5/
2026-02-23 16:55:40,318 - INFO - Success: https://www.scrapingcourse.com/ecommerce/page/5/
2026-02-23 16:55:40,331 - INFO - Fetching: https://www.scrapingcourse.com/ecommerce/product/fiona-fitness-short/
2026-02-23 16:55:40,641 - INFO - Success: https://www.scrapingcourse.com/ecommerce/product/fiona-fitness-short/
2026-02-23 16:55:40,668 - INFO - Fetching: https://www.scrapingcourse.com/ecommerce/product/frankie-sweatshirt/
2026-02-23 16:55:41,230 - INFO - Success: https://www.scrapingcourse.com/ecommerce/product/frankie-sweatshirt/
2026-02-23 16:55:41,242 - INFO - Fetching: https://www.scrapingcourse.com/ecommerce/product/fusion-backpack/
2026-02-23 16:55:41,541 - INFO - Success: https://www.scrapingcourse.com/ecommerce/product/fusion-backpack/
2026-02-23 16:55:41,553 - INFO - Fetching: https://www.scrapingcourse.com/ecommerce/product/gabrielle-micro-sleeve-top/
2026-02-23 16:55:41,879 - INFO - Success: https://www.scrapingcourse.com/ecommerce/product/gabrielle-micro-sleeve-top/
2026-02-23 16:55:41,902 - INFO - Fetching: https://www.scrapingcourse.com/ecommerce/product/geo-insulated-jogging-pant/
2026-02-23 16:55:42,229 - INFO - Success: https://www.scrapingcourse.com/ecommerce/product/geo-insulated-jogging-pant/
2026-02-23 16:55:42,241 - INFO - Fetching: https://www.scrapingcourse.com/ecommerce/product/go-getr-pushup-grips/
2026-02-23 16:55:42,507 - INFO - Success: https://www.scrapingcourse.com/ecommerce/product/go-getr-pushup-grips/
2026-02-23 16:55:42,522 - INFO - Fetching: https://www.scrapingcourse.com/ecommerce/product/gobi-heattec-tee/
2026-02-23 16:55:42,857 - INFO - Success: https://www.scrapingcourse.com/ecommerce/product/gobi-heattec-tee/
2026-02-23 16:55:42,886 - INFO - Fetching: https://www.scrapingcourse.com/ecommerce/product/grayson-crewneck-sweatshirt/
2026-02-23 16:55:43,222 - INFO - Success: https://www.scrapingcourse.com/ecommerce/product/grayson-crewneck-sweatshirt/
2026-02-23 16:55:43,234 - INFO - Fetching: https://www.scrapingcourse.com/ecommerce/product/gwen-drawstring-bike-short/
2026-02-23 16:55:43,546 - INFO - Success: https://www.scrapingcourse.com/ecommerce/product/gwen-drawstring-bike-short/
2026-02-23 16:55:43,557 - INFO - Fetching: https://www.scrapingcourse.com/ecommerce/product/gwyn-endurance-tee/
2026-02-23 16:55:43,881 - INFO - Success: https://www.scrapingcourse.com/ecommerce/product/gwyn-endurance-tee/
2026-02-23 16:55:43,893 - INFO - Fetching: https://www.scrapingcourse.com/ecommerce/product/harmony-lumaflex-strength-band-kit/
2026-02-23 16:55:44,212 - INFO - Success: https://www.scrapingcourse.com/ecommerce/product/harmony-lumaflex-strength-band-kit/
2026-02-23 16:55:44,221 - INFO - Fetching: https://www.scrapingcourse.com/ecommerce/product/hawkeye-yoga-short/
2026-02-23 16:55:44,532 - INFO - Success: https://www.scrapingcourse.com/ecommerce/product/hawkeye-yoga-short/
2026-02-23 16:55:44,543 - INFO - Fetching: https://www.scrapingcourse.com/ecommerce/product/helena-hooded-fleece/
2026-02-23 16:55:45,094 - INFO - Success: https://www.scrapingcourse.com/ecommerce/product/helena-hooded-fleece/
2026-02-23 16:55:45,120 - INFO - Fetching: https://www.scrapingcourse.com/ecommerce/product/helios-endurance-tank/
2026-02-23 16:55:45,433 - INFO - Success: https://www.scrapingcourse.com/ecommerce/product/helios-endurance-tank/
2026-02-23 16:55:45,445 - INFO - Fetching: https://www.scrapingcourse.com/ecommerce/product/helios-evercool-tee/
2026-02-23 16:55:45,762 - INFO - Success: https://www.scrapingcourse.com/ecommerce/product/helios-evercool-tee/
2026-02-23 16:55:45,787 - INFO - Fetching: https://www.scrapingcourse.com/ecommerce/product/hera-pullover-hoodie/
2026-02-23 16:55:46,253 - INFO - Success: https://www.scrapingcourse.com/ecommerce/product/hera-pullover-hoodie/
2026-02-23 16:55:46,280 - INFO - Fetching: https://www.scrapingcourse.com/ecommerce/page/6/
2026-02-23 16:55:46,574 - INFO - Success: https://www.scrapingcourse.com/ecommerce/page/6/
2026-02-23 16:55:46,594 - INFO - Fetching: https://www.scrapingcourse.com/ecommerce/product/hero-hoodie/
2026-02-23 16:55:46,961 - INFO - Success: https://www.scrapingcourse.com/ecommerce/product/hero-hoodie/
2026-02-23 16:55:46,980 - INFO - Fetching: https://www.scrapingcourse.com/ecommerce/product/hollister-backyard-sweatshirt/
2026-02-23 16:55:47,311 - INFO - Success: https://www.scrapingcourse.com/ecommerce/product/hollister-backyard-sweatshirt/
2026-02-23 16:55:47,322 - INFO - Fetching: https://www.scrapingcourse.com/ecommerce/product/hyperion-elements-jacket/
2026-02-23 16:55:47,656 - INFO - Success: https://www.scrapingcourse.com/ecommerce/product/hyperion-elements-jacket/
2026-02-23 16:55:47,683 - INFO - Fetching: https://www.scrapingcourse.com/ecommerce/product/ida-workout-parachute-pant/
2026-02-23 16:55:47,984 - INFO - Success: https://www.scrapingcourse.com/ecommerce/product/ida-workout-parachute-pant/
2026-02-23 16:55:48,000 - INFO - Fetching: https://www.scrapingcourse.com/ecommerce/product/impulse-duffle/
2026-02-23 16:55:48,283 - INFO - Success: https://www.scrapingcourse.com/ecommerce/product/impulse-duffle/
2026-02-23 16:55:48,293 - INFO - Fetching: https://www.scrapingcourse.com/ecommerce/product/ina-compression-short/
2026-02-23 16:55:48,589 - INFO - Success: https://www.scrapingcourse.com/ecommerce/product/ina-compression-short/
2026-02-23 16:55:48,597 - INFO - Fetching: https://www.scrapingcourse.com/ecommerce/product/ingrid-running-jacket/
2026-02-23 16:55:48,922 - INFO - Success: https://www.scrapingcourse.com/ecommerce/product/ingrid-running-jacket/
2026-02-23 16:55:48,949 - INFO - Fetching: https://www.scrapingcourse.com/ecommerce/product/iris-workout-top/
2026-02-23 16:55:49,273 - INFO - Success: https://www.scrapingcourse.com/ecommerce/product/iris-workout-top/
2026-02-23 16:55:49,285 - INFO - Fetching: https://www.scrapingcourse.com/ecommerce/product/jade-yoga-jacket/
2026-02-23 16:55:49,618 - INFO - Success: https://www.scrapingcourse.com/ecommerce/product/jade-yoga-jacket/
2026-02-23 16:55:49,630 - INFO - Fetching: https://www.scrapingcourse.com/ecommerce/product/josie-yoga-jacket/
2026-02-23 16:55:50,142 - INFO - Success: https://www.scrapingcourse.com/ecommerce/product/josie-yoga-jacket/
2026-02-23 16:55:50,152 - INFO - Fetching: https://www.scrapingcourse.com/ecommerce/product/joust-duffle-bag/
2026-02-23 16:55:50,439 - INFO - Success: https://www.scrapingcourse.com/ecommerce/product/joust-duffle-bag/
2026-02-23 16:55:50,454 - INFO - Fetching: https://www.scrapingcourse.com/ecommerce/product/juliana-short-sleeve-tee/
2026-02-23 16:55:50,782 - INFO - Success: https://www.scrapingcourse.com/ecommerce/product/juliana-short-sleeve-tee/
2026-02-23 16:55:50,794 - INFO - Fetching: https://www.scrapingcourse.com/ecommerce/product/jupiter-all-weather-trainer/
2026-02-23 16:55:51,229 - INFO - Success: https://www.scrapingcourse.com/ecommerce/product/jupiter-all-weather-trainer/
2026-02-23 16:55:51,248 - INFO - Fetching: https://www.scrapingcourse.com/ecommerce/product/karissa-v-neck-tee/
2026-02-23 16:55:51,574 - INFO - Success: https://www.scrapingcourse.com/ecommerce/product/karissa-v-neck-tee/
2026-02-23 16:55:51,592 - INFO - Fetching: https://www.scrapingcourse.com/ecommerce/product/karmen-yoga-pant/
2026-02-23 16:55:51,909 - INFO - Success: https://www.scrapingcourse.com/ecommerce/product/karmen-yoga-pant/
2026-02-23 16:55:51,919 - INFO - Fetching: https://www.scrapingcourse.com/ecommerce/product/kenobi-trail-jacket/
2026-02-23 16:55:52,236 - INFO - Success: https://www.scrapingcourse.com/ecommerce/product/kenobi-trail-jacket/
2026-02-23 16:55:52,248 - INFO - Fetching: https://www.scrapingcourse.com/ecommerce/page/7/
2026-02-23 16:55:52,536 - INFO - Success: https://www.scrapingcourse.com/ecommerce/page/7/
2026-02-23 16:55:52,559 - INFO - Fetching: https://www.scrapingcourse.com/ecommerce/product/kratos-gym-pant/
2026-02-23 16:55:52,877 - INFO - Success: https://www.scrapingcourse.com/ecommerce/product/kratos-gym-pant/
2026-02-23 16:55:52,888 - INFO - Fetching: https://www.scrapingcourse.com/ecommerce/product/lando-gym-jacket/
2026-02-23 16:55:53,268 - INFO - Success: https://www.scrapingcourse.com/ecommerce/product/lando-gym-jacket/
2026-02-23 16:55:53,279 - INFO - Fetching: https://www.scrapingcourse.com/ecommerce/product/layla-tee/
2026-02-23 16:55:53,604 - INFO - Success: https://www.scrapingcourse.com/ecommerce/product/layla-tee/
2026-02-23 16:55:53,630 - INFO - Fetching: https://www.scrapingcourse.com/ecommerce/product/leah-yoga-top/
2026-02-23 16:55:53,947 - INFO - Success: https://www.scrapingcourse.com/ecommerce/product/leah-yoga-top/
2026-02-23 16:55:53,976 - INFO - Fetching: https://www.scrapingcourse.com/ecommerce/product/livingston-all-purpose-tight/
2026-02-23 16:55:54,292 - INFO - Success: https://www.scrapingcourse.com/ecommerce/product/livingston-all-purpose-tight/
2026-02-23 16:55:54,321 - INFO - Fetching: https://www.scrapingcourse.com/ecommerce/product/logan-heattec-tee/
2026-02-23 16:55:54,750 - INFO - Success: https://www.scrapingcourse.com/ecommerce/product/logan-heattec-tee/
2026-02-23 16:55:54,763 - INFO - Fetching: https://www.scrapingcourse.com/ecommerce/product/lono-yoga-short/
2026-02-23 16:55:55,193 - INFO - Success: https://www.scrapingcourse.com/ecommerce/product/lono-yoga-short/
2026-02-23 16:55:55,204 - INFO - Fetching: https://www.scrapingcourse.com/ecommerce/product/lucia-cross-fit-bra/
2026-02-23 16:55:55,541 - INFO - Success: https://www.scrapingcourse.com/ecommerce/product/lucia-cross-fit-bra/
2026-02-23 16:55:55,553 - INFO - Fetching: https://www.scrapingcourse.com/ecommerce/product/luma-analog-watch/
2026-02-23 16:55:55,833 - INFO - Success: https://www.scrapingcourse.com/ecommerce/product/luma-analog-watch/
2026-02-23 16:55:55,869 - INFO - Fetching: https://www.scrapingcourse.com/ecommerce/product/mach-street-sweatshirt/
2026-02-23 16:55:56,281 - INFO - Success: https://www.scrapingcourse.com/ecommerce/product/mach-street-sweatshirt/
2026-02-23 16:55:56,294 - INFO - Fetching: https://www.scrapingcourse.com/ecommerce/product/marco-lightweight-active-hoodie/
2026-02-23 16:55:56,630 - INFO - Success: https://www.scrapingcourse.com/ecommerce/product/marco-lightweight-active-hoodie/
2026-02-23 16:55:56,642 - INFO - Fetching: https://www.scrapingcourse.com/ecommerce/product/mars-heattech-pullover/
2026-02-23 16:55:56,976 - INFO - Success: https://www.scrapingcourse.com/ecommerce/product/mars-heattech-pullover/
2026-02-23 16:55:56,987 - INFO - Fetching: https://www.scrapingcourse.com/ecommerce/product/maxima-drawstring-short/
2026-02-23 16:55:57,301 - INFO - Success: https://www.scrapingcourse.com/ecommerce/product/maxima-drawstring-short/
2026-02-23 16:55:57,311 - INFO - Fetching: https://www.scrapingcourse.com/ecommerce/product/maya-tunic/
2026-02-23 16:55:57,636 - INFO - Success: https://www.scrapingcourse.com/ecommerce/product/maya-tunic/
2026-02-23 16:55:57,646 - INFO - Fetching: https://www.scrapingcourse.com/ecommerce/product/meteor-workout-short/
2026-02-23 16:55:57,968 - INFO - Success: https://www.scrapingcourse.com/ecommerce/product/meteor-workout-short/
2026-02-23 16:55:57,978 - INFO - Fetching: https://www.scrapingcourse.com/ecommerce/product/miko-pullover-hoodie/
2026-02-23 16:55:58,307 - INFO - Success: https://www.scrapingcourse.com/ecommerce/product/miko-pullover-hoodie/
2026-02-23 16:55:58,319 - INFO - Fetching: https://www.scrapingcourse.com/ecommerce/page/8/
2026-02-23 16:55:58,615 - INFO - Success: https://www.scrapingcourse.com/ecommerce/page/8/
2026-02-23 16:55:58,647 - INFO - Fetching: https://www.scrapingcourse.com/ecommerce/product/mimi-all-purpose-short/
2026-02-23 16:55:58,984 - INFO - Success: https://www.scrapingcourse.com/ecommerce/product/mimi-all-purpose-short/
2026-02-23 16:55:59,009 - INFO - Fetching: https://www.scrapingcourse.com/ecommerce/product/minerva-lumatech-v-tee/
2026-02-23 16:55:59,328 - INFO - Success: https://www.scrapingcourse.com/ecommerce/product/minerva-lumatech-v-tee/
2026-02-23 16:55:59,339 - INFO - Fetching: https://www.scrapingcourse.com/ecommerce/product/mithra-warmup-pant/
2026-02-23 16:55:59,795 - INFO - Success: https://www.scrapingcourse.com/ecommerce/product/mithra-warmup-pant/
2026-02-23 16:55:59,821 - INFO - Fetching: https://www.scrapingcourse.com/ecommerce/product/mona-pullover-hoodlie/
2026-02-23 16:56:00,174 - INFO - Success: https://www.scrapingcourse.com/ecommerce/product/mona-pullover-hoodlie/
2026-02-23 16:56:00,188 - INFO - Fetching: https://www.scrapingcourse.com/ecommerce/product/montana-wind-jacket/
2026-02-23 16:56:00,508 - INFO - Success: https://www.scrapingcourse.com/ecommerce/product/montana-wind-jacket/
2026-02-23 16:56:00,525 - INFO - Fetching: https://www.scrapingcourse.com/ecommerce/product/nadia-elements-shell/
2026-02-23 16:56:00,856 - INFO - Success: https://www.scrapingcourse.com/ecommerce/product/nadia-elements-shell/
2026-02-23 16:56:00,879 - INFO - Fetching: https://www.scrapingcourse.com/ecommerce/product/neve-studio-dance-jacket/
2026-02-23 16:56:01,212 - INFO - Success: https://www.scrapingcourse.com/ecommerce/product/neve-studio-dance-jacket/
2026-02-23 16:56:01,240 - INFO - Fetching: https://www.scrapingcourse.com/ecommerce/product/nona-fitness-tank/
2026-02-23 16:56:01,564 - INFO - Success: https://www.scrapingcourse.com/ecommerce/product/nona-fitness-tank/
2026-02-23 16:56:01,581 - INFO - Fetching: https://www.scrapingcourse.com/ecommerce/product/nora-practice-tank/
2026-02-23 16:56:01,939 - INFO - Success: https://www.scrapingcourse.com/ecommerce/product/nora-practice-tank/
2026-02-23 16:56:01,955 - INFO - Fetching: https://www.scrapingcourse.com/ecommerce/product/olivia-1-4-zip-light-jacket/
2026-02-23 16:56:02,269 - INFO - Success: https://www.scrapingcourse.com/ecommerce/product/olivia-1-4-zip-light-jacket/
2026-02-23 16:56:02,296 - INFO - Fetching: https://www.scrapingcourse.com/ecommerce/product/orestes-fitness-short/
2026-02-23 16:56:02,609 - INFO - Success: https://www.scrapingcourse.com/ecommerce/product/orestes-fitness-short/
2026-02-23 16:56:02,626 - INFO - Fetching: https://www.scrapingcourse.com/ecommerce/product/orestes-yoga-pant/
2026-02-23 16:56:02,952 - INFO - Success: https://www.scrapingcourse.com/ecommerce/product/orestes-yoga-pant/
2026-02-23 16:56:02,975 - INFO - Fetching: https://www.scrapingcourse.com/ecommerce/product/orion-two-tone-fitted-jacket/
2026-02-23 16:56:03,311 - INFO - Success: https://www.scrapingcourse.com/ecommerce/product/orion-two-tone-fitted-jacket/
2026-02-23 16:56:03,328 - INFO - Fetching: https://www.scrapingcourse.com/ecommerce/product/oslo-trek-hoodie/
2026-02-23 16:56:03,652 - INFO - Success: https://www.scrapingcourse.com/ecommerce/product/oslo-trek-hoodie/
2026-02-23 16:56:03,664 - INFO - Fetching: https://www.scrapingcourse.com/ecommerce/product/overnight-duffle/
2026-02-23 16:56:03,957 - INFO - Success: https://www.scrapingcourse.com/ecommerce/product/overnight-duffle/
2026-02-23 16:56:03,966 - INFO - Fetching: https://www.scrapingcourse.com/ecommerce/product/phoebe-zipper-sweatshirt/
2026-02-23 16:56:04,283 - INFO - Success: https://www.scrapingcourse.com/ecommerce/product/phoebe-zipper-sweatshirt/
2026-02-23 16:56:04,296 - INFO - Fetching: https://www.scrapingcourse.com/ecommerce/page/9/
2026-02-23 16:56:04,586 - INFO - Success: https://www.scrapingcourse.com/ecommerce/page/9/
2026-02-23 16:56:04,598 - INFO - Fetching: https://www.scrapingcourse.com/ecommerce/product/pierce-gym-short/
2026-02-23 16:56:05,110 - INFO - Success: https://www.scrapingcourse.com/ecommerce/product/pierce-gym-short/
2026-02-23 16:56:05,120 - INFO - Fetching: https://www.scrapingcourse.com/ecommerce/product/portia-capri/
2026-02-23 16:56:05,444 - INFO - Success: https://www.scrapingcourse.com/ecommerce/product/portia-capri/
2026-02-23 16:56:05,456 - INFO - Fetching: https://www.scrapingcourse.com/ecommerce/product/prima-compete-bra-top/
2026-02-23 16:56:05,802 - INFO - Success: https://www.scrapingcourse.com/ecommerce/product/prima-compete-bra-top/
2026-02-23 16:56:05,814 - INFO - Fetching: https://www.scrapingcourse.com/ecommerce/product/primo-endurance-tank/
2026-02-23 16:56:06,262 - INFO - Success: https://www.scrapingcourse.com/ecommerce/product/primo-endurance-tank/
2026-02-23 16:56:06,274 - INFO - Fetching: https://www.scrapingcourse.com/ecommerce/product/proteus-fitness-jackshirt/
2026-02-23 16:56:06,596 - INFO - Success: https://www.scrapingcourse.com/ecommerce/product/proteus-fitness-jackshirt/
2026-02-23 16:56:06,626 - INFO - Fetching: https://www.scrapingcourse.com/ecommerce/product/pursuit-lumaflex-tone-band/
2026-02-23 16:56:06,920 - INFO - Success: https://www.scrapingcourse.com/ecommerce/product/pursuit-lumaflex-tone-band/
2026-02-23 16:56:06,946 - INFO - Fetching: https://www.scrapingcourse.com/ecommerce/product/push-it-messenger-bag/
2026-02-23 16:56:07,234 - INFO - Success: https://www.scrapingcourse.com/ecommerce/product/push-it-messenger-bag/
2026-02-23 16:56:07,246 - INFO - Fetching: https://www.scrapingcourse.com/ecommerce/product/quest-lumaflex-band/
2026-02-23 16:56:07,536 - INFO - Success: https://www.scrapingcourse.com/ecommerce/product/quest-lumaflex-band/
2026-02-23 16:56:07,548 - INFO - Fetching: https://www.scrapingcourse.com/ecommerce/product/radiant-tee/
2026-02-23 16:56:07,876 - INFO - Success: https://www.scrapingcourse.com/ecommerce/product/radiant-tee/
2026-02-23 16:56:07,888 - INFO - Fetching: https://www.scrapingcourse.com/ecommerce/product/rapha-sports-short/
2026-02-23 16:56:08,233 - INFO - Success: https://www.scrapingcourse.com/ecommerce/product/rapha-sports-short/
2026-02-23 16:56:08,244 - INFO - Fetching: https://www.scrapingcourse.com/ecommerce/product/riona-full-zip-jacket/
2026-02-23 16:56:08,572 - INFO - Success: https://www.scrapingcourse.com/ecommerce/product/riona-full-zip-jacket/
2026-02-23 16:56:08,599 - INFO - Fetching: https://www.scrapingcourse.com/ecommerce/product/rival-field-messenger/
2026-02-23 16:56:08,883 - INFO - Success: https://www.scrapingcourse.com/ecommerce/product/rival-field-messenger/
2026-02-23 16:56:08,907 - INFO - Fetching: https://www.scrapingcourse.com/ecommerce/product/rocco-gym-tank/
2026-02-23 16:56:09,208 - INFO - Success: https://www.scrapingcourse.com/ecommerce/product/rocco-gym-tank/
2026-02-23 16:56:09,218 - INFO - Fetching: https://www.scrapingcourse.com/ecommerce/product/ryker-lumatech-tee-crew-neck/
2026-02-23 16:56:09,540 - INFO - Success: https://www.scrapingcourse.com/ecommerce/product/ryker-lumatech-tee-crew-neck/
2026-02-23 16:56:09,562 - INFO - Fetching: https://www.scrapingcourse.com/ecommerce/product/ryker-lumatech-tee-v-neck/
2026-02-23 16:56:10,108 - INFO - Success: https://www.scrapingcourse.com/ecommerce/product/ryker-lumatech-tee-v-neck/
2026-02-23 16:56:10,139 - INFO - Fetching: https://www.scrapingcourse.com/ecommerce/product/sahara-leggings/
2026-02-23 16:56:10,447 - INFO - Success: https://www.scrapingcourse.com/ecommerce/product/sahara-leggings/
2026-02-23 16:56:10,457 - INFO - Fetching: https://www.scrapingcourse.com/ecommerce/page/10/
2026-02-23 16:56:10,746 - INFO - Success: https://www.scrapingcourse.com/ecommerce/page/10/
2026-02-23 16:56:10,762 - INFO - Fetching: https://www.scrapingcourse.com/ecommerce/product/savvy-shoulder-tote/
2026-02-23 16:56:11,226 - INFO - Success: https://www.scrapingcourse.com/ecommerce/product/savvy-shoulder-tote/
2026-02-23 16:56:11,236 - INFO - Fetching: https://www.scrapingcourse.com/ecommerce/product/selene-yoga-hoodie/
2026-02-23 16:56:11,556 - INFO - Success: https://www.scrapingcourse.com/ecommerce/product/selene-yoga-hoodie/
2026-02-23 16:56:11,569 - INFO - Fetching: https://www.scrapingcourse.com/ecommerce/product/sinbad-fitness-tank/
2026-02-23 16:56:11,870 - INFO - Success: https://www.scrapingcourse.com/ecommerce/product/sinbad-fitness-tank/
2026-02-23 16:56:11,909 - INFO - Fetching: https://www.scrapingcourse.com/ecommerce/product/sol-active-short/
2026-02-23 16:56:12,232 - INFO - Success: https://www.scrapingcourse.com/ecommerce/product/sol-active-short/
2026-02-23 16:56:12,244 - INFO - Fetching: https://www.scrapingcourse.com/ecommerce/product/sparta-gym-tank/
2026-02-23 16:56:12,544 - INFO - Success: https://www.scrapingcourse.com/ecommerce/product/sparta-gym-tank/
2026-02-23 16:56:12,559 - INFO - Fetching: https://www.scrapingcourse.com/ecommerce/product/sprite-foam-roller/
2026-02-23 16:56:12,846 - INFO - Success: https://www.scrapingcourse.com/ecommerce/product/sprite-foam-roller/
2026-02-23 16:56:12,856 - INFO - Fetching: https://www.scrapingcourse.com/ecommerce/product/sprite-foam-yoga-brick/
2026-02-23 16:56:13,144 - INFO - Success: https://www.scrapingcourse.com/ecommerce/product/sprite-foam-yoga-brick/
2026-02-23 16:56:13,173 - INFO - Fetching: https://www.scrapingcourse.com/ecommerce/product/sprite-stasis-ball-55-cm/
2026-02-23 16:56:13,461 - INFO - Success: https://www.scrapingcourse.com/ecommerce/product/sprite-stasis-ball-55-cm/
2026-02-23 16:56:13,470 - INFO - Fetching: https://www.scrapingcourse.com/ecommerce/product/sprite-stasis-ball-55-cm-2/
2026-02-23 16:56:13,754 - INFO - Success: https://www.scrapingcourse.com/ecommerce/product/sprite-stasis-ball-55-cm-2/
2026-02-23 16:56:13,778 - INFO - Fetching: https://www.scrapingcourse.com/ecommerce/product/sprite-stasis-ball-55-cm-3/
2026-02-23 16:56:14,100 - INFO - Success: https://www.scrapingcourse.com/ecommerce/product/sprite-stasis-ball-55-cm-3/
2026-02-23 16:56:14,124 - INFO - Fetching: https://www.scrapingcourse.com/ecommerce/product/sprite-stasis-ball-65-cm/
2026-02-23 16:56:14,418 - INFO - Success: https://www.scrapingcourse.com/ecommerce/product/sprite-stasis-ball-65-cm/
2026-02-23 16:56:14,429 - INFO - Fetching: https://www.scrapingcourse.com/ecommerce/product/sprite-stasis-ball-65-cm-2/
2026-02-23 16:56:14,826 - INFO - Success: https://www.scrapingcourse.com/ecommerce/product/sprite-stasis-ball-65-cm-2/
2026-02-23 16:56:14,841 - INFO - Fetching: https://www.scrapingcourse.com/ecommerce/product/sprite-stasis-ball-65-cm-3/
2026-02-23 16:56:15,211 - INFO - Success: https://www.scrapingcourse.com/ecommerce/product/sprite-stasis-ball-65-cm-3/
2026-02-23 16:56:15,236 - INFO - Fetching: https://www.scrapingcourse.com/ecommerce/product/sprite-stasis-ball-75-cm/
2026-02-23 16:56:15,513 - INFO - Success: https://www.scrapingcourse.com/ecommerce/product/sprite-stasis-ball-75-cm/
2026-02-23 16:56:15,524 - INFO - Fetching: https://www.scrapingcourse.com/ecommerce/product/sprite-stasis-ball-75-cm-2/
2026-02-23 16:56:15,816 - INFO - Success: https://www.scrapingcourse.com/ecommerce/product/sprite-stasis-ball-75-cm-2/
2026-02-23 16:56:15,829 - INFO - Fetching: https://www.scrapingcourse.com/ecommerce/product/sprite-stasis-ball-75-cm-3/
2026-02-23 16:56:16,239 - INFO - Success: https://www.scrapingcourse.com/ecommerce/product/sprite-stasis-ball-75-cm-3/
2026-02-23 16:56:16,250 - INFO - Fetching: https://www.scrapingcourse.com/ecommerce/page/11/
2026-02-23 16:56:16,540 - INFO - Success: https://www.scrapingcourse.com/ecommerce/page/11/
2026-02-23 16:56:16,552 - INFO - Fetching: https://www.scrapingcourse.com/ecommerce/product/sprite-yoga-strap-10-foot/
2026-02-23 16:56:16,842 - INFO - Success: https://www.scrapingcourse.com/ecommerce/product/sprite-yoga-strap-10-foot/
2026-02-23 16:56:16,866 - INFO - Fetching: https://www.scrapingcourse.com/ecommerce/product/sprite-yoga-strap-6-foot/
2026-02-23 16:56:17,186 - INFO - Success: https://www.scrapingcourse.com/ecommerce/product/sprite-yoga-strap-6-foot/
2026-02-23 16:56:17,214 - INFO - Fetching: https://www.scrapingcourse.com/ecommerce/product/sprite-yoga-strap-8-foot/
2026-02-23 16:56:17,497 - INFO - Success: https://www.scrapingcourse.com/ecommerce/product/sprite-yoga-strap-8-foot/
2026-02-23 16:56:17,517 - INFO - Fetching: https://www.scrapingcourse.com/ecommerce/product/stark-fundamental-hoodie/
2026-02-23 16:56:17,851 - INFO - Success: https://www.scrapingcourse.com/ecommerce/product/stark-fundamental-hoodie/
2026-02-23 16:56:17,877 - INFO - Fetching: https://www.scrapingcourse.com/ecommerce/product/stellar-solar-jacket/
2026-02-23 16:56:18,189 - INFO - Success: https://www.scrapingcourse.com/ecommerce/product/stellar-solar-jacket/
2026-02-23 16:56:18,199 - INFO - Fetching: https://www.scrapingcourse.com/ecommerce/product/strike-endurance-tee/
2026-02-23 16:56:18,530 - INFO - Success: https://www.scrapingcourse.com/ecommerce/product/strike-endurance-tee/
2026-02-23 16:56:18,543 - INFO - Fetching: https://www.scrapingcourse.com/ecommerce/product/strive-shoulder-pack/
2026-02-23 16:56:18,828 - INFO - Success: https://www.scrapingcourse.com/ecommerce/product/strive-shoulder-pack/
2026-02-23 16:56:18,852 - INFO - Fetching: https://www.scrapingcourse.com/ecommerce/product/summit-watch/
2026-02-23 16:56:19,142 - INFO - Success: https://www.scrapingcourse.com/ecommerce/product/summit-watch/
2026-02-23 16:56:19,153 - INFO - Fetching: https://www.scrapingcourse.com/ecommerce/product/supernova-sport-pant/
2026-02-23 16:56:19,473 - INFO - Success: https://www.scrapingcourse.com/ecommerce/product/supernova-sport-pant/
2026-02-23 16:56:19,483 - INFO - Fetching: https://www.scrapingcourse.com/ecommerce/product/sybil-running-short/
2026-02-23 16:56:19,946 - INFO - Success: https://www.scrapingcourse.com/ecommerce/product/sybil-running-short/
2026-02-23 16:56:19,958 - INFO - Fetching: https://www.scrapingcourse.com/ecommerce/product/sylvia-capri/
2026-02-23 16:56:20,275 - INFO - Success: https://www.scrapingcourse.com/ecommerce/product/sylvia-capri/
2026-02-23 16:56:20,284 - INFO - Fetching: https://www.scrapingcourse.com/ecommerce/product/taurus-elements-shell/
2026-02-23 16:56:20,622 - INFO - Success: https://www.scrapingcourse.com/ecommerce/product/taurus-elements-shell/
2026-02-23 16:56:20,643 - INFO - Fetching: https://www.scrapingcourse.com/ecommerce/product/teton-pullover-hoodie/
2026-02-23 16:56:21,047 - INFO - Success: https://www.scrapingcourse.com/ecommerce/product/teton-pullover-hoodie/
2026-02-23 16:56:21,060 - INFO - Fetching: https://www.scrapingcourse.com/ecommerce/product/thorpe-track-pant/
2026-02-23 16:56:21,397 - INFO - Success: https://www.scrapingcourse.com/ecommerce/product/thorpe-track-pant/
2026-02-23 16:56:21,410 - INFO - Fetching: https://www.scrapingcourse.com/ecommerce/product/tiberius-gym-tank/
2026-02-23 16:56:21,726 - INFO - Success: https://www.scrapingcourse.com/ecommerce/product/tiberius-gym-tank/
2026-02-23 16:56:21,738 - INFO - Fetching: https://www.scrapingcourse.com/ecommerce/product/tiffany-fitness-tee/
2026-02-23 16:56:22,053 - INFO - Success: https://www.scrapingcourse.com/ecommerce/product/tiffany-fitness-tee/
2026-02-23 16:56:22,070 - INFO - Fetching: https://www.scrapingcourse.com/ecommerce/page/12/
2026-02-23 16:56:22,347 - INFO - Success: https://www.scrapingcourse.com/ecommerce/page/12/
2026-02-23 16:56:22,356 - INFO - Fetching: https://www.scrapingcourse.com/ecommerce/product/torque-power-short/
2026-02-23 16:56:22,676 - INFO - Success: https://www.scrapingcourse.com/ecommerce/product/torque-power-short/
2026-02-23 16:56:22,709 - INFO - Fetching: https://www.scrapingcourse.com/ecommerce/product/tristan-endurance-tank/
2026-02-23 16:56:23,090 - INFO - Success: https://www.scrapingcourse.com/ecommerce/product/tristan-endurance-tank/
2026-02-23 16:56:23,101 - INFO - Fetching: https://www.scrapingcourse.com/ecommerce/product/troy-yoga-short/
2026-02-23 16:56:23,408 - INFO - Success: https://www.scrapingcourse.com/ecommerce/product/troy-yoga-short/
2026-02-23 16:56:23,420 - INFO - Fetching: https://www.scrapingcourse.com/ecommerce/product/typhon-performance-fleece-lined-jacket/
2026-02-23 16:56:23,744 - INFO - Success: https://www.scrapingcourse.com/ecommerce/product/typhon-performance-fleece-lined-jacket/
2026-02-23 16:56:23,757 - INFO - Fetching: https://www.scrapingcourse.com/ecommerce/product/viktor-lumatech-pant/
2026-02-23 16:56:24,072 - INFO - Success: https://www.scrapingcourse.com/ecommerce/product/viktor-lumatech-pant/
2026-02-23 16:56:24,080 - INFO - Fetching: https://www.scrapingcourse.com/ecommerce/product/voyage-yoga-bag/
2026-02-23 16:56:24,367 - INFO - Success: https://www.scrapingcourse.com/ecommerce/product/voyage-yoga-bag/
2026-02-23 16:56:24,383 - INFO - Fetching: https://www.scrapingcourse.com/ecommerce/product/vulcan-weightlifting-tank/
2026-02-23 16:56:24,742 - INFO - Success: https://www.scrapingcourse.com/ecommerce/product/vulcan-weightlifting-tank/
2026-02-23 16:56:24,753 - INFO - Fetching: https://www.scrapingcourse.com/ecommerce/product/wayfarer-messenger-bag/
2026-02-23 16:56:25,232 - INFO - Success: https://www.scrapingcourse.com/ecommerce/product/wayfarer-messenger-bag/
2026-02-23 16:56:25,256 - INFO - Fetching: https://www.scrapingcourse.com/ecommerce/product/zeppelin-yoga-pant/
2026-02-23 16:56:25,575 - INFO - Success: https://www.scrapingcourse.com/ecommerce/product/zeppelin-yoga-pant/
2026-02-23 16:56:25,595 - INFO - Fetching: https://www.scrapingcourse.com/ecommerce/product/zing-jump-rope/
2026-02-23 16:56:25,950 - INFO - Success: https://www.scrapingcourse.com/ecommerce/product/zing-jump-rope/
2026-02-23 16:56:25,965 - INFO - Fetching: https://www.scrapingcourse.com/ecommerce/product/zoe-tank/
2026-02-23 16:56:26,295 - INFO - Success: https://www.scrapingcourse.com/ecommerce/product/zoe-tank/
2026-02-23 16:56:26,304 - INFO - Fetching: https://www.scrapingcourse.com/ecommerce/product/zoltan-gym-tee/
2026-02-23 16:56:26,622 - INFO - Success: https://www.scrapingcourse.com/ecommerce/product/zoltan-gym-tee/
